<?xml version="1.0" encoding="UTF-8"?>
<!-- Generated by org.testng.reporters.JUnitReportReporter -->
<testsuite hostname="LAP122" name="TestScripts.Login_script" tests="5" failures="0" timestamp="9 Feb 2017 10:43:36 GMT" time="13.588" errors="0">
  <testcase name="logincheck" time="3.302" classname="TestScripts.Login_script"/>
  <testcase name="logincheck" time="2.620" classname="TestScripts.Login_script"/>
  <testcase name="loginvalidcheck" time="3.275" classname="TestScripts.Login_script"/>
  <testcase name="logincheck" time="1.888" classname="TestScripts.Login_script"/>
  <testcase name="logincheck" time="2.503" classname="TestScripts.Login_script"/>
</testsuite>
